number,value,datetime_start,datetime_complete,duration,params_contrastive_weight,params_d_ff,params_d_model,params_e_layers,params_learning_rate,params_window_size,state
0,inf,2025-06-16 12:56:10.694985,2025-06-16 12:56:15.506430,0 days 00:00:04.811445,0.0005236349475628183,256,512,4,0.00035258266874331235,5,COMPLETE
1,,2025-06-16 12:56:15.531378,2025-06-16 12:56:26.185286,0 days 00:00:10.653908,0.00043378691496835,256,512,2,0.00018713090011238172,8,FAIL
2,66.29481506347656,2025-06-16 12:57:24.745079,2025-06-16 12:58:26.375303,0 days 00:01:01.630224,0.0004850165994484184,256,256,3,0.00029171774714633865,12,COMPLETE
3,65.69017791748047,2025-06-16 12:58:26.398174,2025-06-16 12:59:38.482411,0 days 00:01:12.084237,0.0037705831371860742,256,512,4,0.00019274910307646664,12,COMPLETE
4,65.12495422363281,2025-06-16 12:59:38.503557,2025-06-16 13:01:37.349777,0 days 00:01:58.846220,0.049989608238886325,512,256,3,0.00017293610363242732,2,COMPLETE
5,65.43172454833984,2025-06-16 13:01:37.370258,2025-06-16 13:03:01.134346,0 days 00:01:23.764088,0.003655736398836548,256,512,2,7.157931769566425e-05,11,COMPLETE
6,63.619544982910156,2025-06-16 13:03:01.155790,2025-06-16 13:04:04.200104,0 days 00:01:03.044314,0.0004921190622201427,256,256,2,0.00033670243556594917,3,COMPLETE
7,66.68849182128906,2025-06-16 13:04:04.221651,2025-06-16 13:04:59.875075,0 days 00:00:55.653424,0.000779064221748591,256,256,2,0.0007713170248131362,5,COMPLETE
8,64.74457550048828,2025-06-16 13:04:59.896133,2025-06-16 13:07:00.858003,0 days 00:02:00.961870,0.0072478451777829404,256,512,2,5.409548328554571e-05,2,COMPLETE
9,65.01712036132812,2025-06-16 13:07:00.879000,2025-06-16 13:08:14.366444,0 days 00:01:13.487444,0.0005679231180688343,256,256,4,6.278492712494497e-05,5,COMPLETE
10,64.16893005371094,2025-06-16 13:08:14.387471,2025-06-16 13:09:27.266219,0 days 00:01:12.878748,0.012730297869366624,512,256,3,0.0003076424622274659,8,COMPLETE
11,63.3969841003418,2025-06-16 13:09:27.286422,2025-06-16 13:10:17.972076,0 days 00:00:50.685654,0.00012226761170650103,512,256,2,0.0007507737543604336,3,COMPLETE
12,64.96044921875,2025-06-16 13:10:17.992959,2025-06-16 13:11:09.833166,0 days 00:00:51.840207,0.00010750310862910002,512,256,2,0.0009551451570998398,3,COMPLETE
13,64.14055633544922,2025-06-16 13:11:09.854172,2025-06-16 13:12:00.952668,0 days 00:00:51.098496,0.00010055502196395629,512,256,2,0.0005435473053724074,3,COMPLETE
14,64.07006072998047,2025-06-16 13:12:00.973929,2025-06-16 13:12:52.581108,0 days 00:00:51.607179,0.000244897111540557,512,256,2,0.0005541797418864525,3,COMPLETE
15,64.43864440917969,2025-06-16 13:12:52.602269,2025-06-16 13:13:44.289136,0 days 00:00:51.686867,0.0014572148035131714,512,256,2,0.0004967235604261137,4,COMPLETE
16,65.88184356689453,2025-06-16 13:13:44.310605,2025-06-16 13:14:47.812848,0 days 00:01:03.502243,0.000223001780606373,512,256,2,0.00013075810097721037,10,COMPLETE
17,65.32362365722656,2025-06-16 13:14:47.832897,2025-06-16 13:15:38.892642,0 days 00:00:51.059745,0.00023854286172194628,512,256,2,0.00011450424936434967,9,COMPLETE
18,71.7917709350586,2025-06-16 13:15:38.913843,2025-06-16 13:16:27.829685,0 days 00:00:48.915842,0.0014110722669629149,256,256,2,0.0007304655254025367,6,COMPLETE
19,70.4617919921875,2025-06-16 13:16:27.850194,2025-06-16 13:18:11.235479,0 days 00:01:43.385285,0.00019093510953518874,256,512,4,0.00040365071558794407,7,COMPLETE
20,65.36166381835938,2025-06-16 13:18:11.255071,2025-06-16 13:20:00.932247,0 days 00:01:49.677176,0.001106377494258069,512,256,3,0.00024160452371936353,1,COMPLETE
21,64.8648452758789,2025-06-16 13:20:00.953762,2025-06-16 13:20:51.977012,0 days 00:00:51.023250,0.0003288769184882876,512,256,2,0.0009725832868492799,3,COMPLETE
22,64.19884490966797,2025-06-16 13:20:51.998775,2025-06-16 13:21:42.216158,0 days 00:00:50.217383,0.00015447365850391012,512,256,2,0.0005563936240587307,3,COMPLETE
23,63.27276611328125,2025-06-16 13:21:42.238064,2025-06-16 13:22:33.684386,0 days 00:00:51.446322,0.0003413580525418903,512,256,2,0.0004607668855030454,3,COMPLETE
24,63.06683349609375,2025-06-16 13:22:33.705487,2025-06-16 13:23:24.459767,0 days 00:00:50.754280,0.00037901535696598164,512,256,2,0.00043887897038221243,3,COMPLETE
25,63.07054901123047,2025-06-16 13:23:24.480648,2025-06-16 13:24:15.770693,0 days 00:00:51.290045,0.0003334426238961945,512,256,2,0.0004414218482027193,3,COMPLETE
26,67.82022857666016,2025-06-16 13:24:15.792009,2025-06-16 13:25:22.068763,0 days 00:01:06.276754,0.00035023104176256194,512,256,2,0.0004019671505111348,1,COMPLETE
27,65.98617553710938,2025-06-16 13:25:22.090566,2025-06-16 13:26:30.638699,0 days 00:01:08.548133,0.0021120269021579013,512,512,2,0.0002403860617970092,9,COMPLETE
28,68.25770568847656,2025-06-16 13:26:30.659758,2025-06-16 13:27:21.449434,0 days 00:00:50.789676,0.0008738285816901249,512,256,2,0.0004441019439650552,10,COMPLETE
29,65.42959594726562,2025-06-16 13:27:21.470134,2025-06-16 13:28:38.055528,0 days 00:01:16.585394,0.00030025373883584385,512,256,4,0.0006335331529840405,8,COMPLETE
30,72.27589416503906,2025-06-16 13:28:38.075905,2025-06-16 13:29:40.775665,0 days 00:01:02.699760,0.000583806808572224,512,512,3,0.0003586280078331506,11,COMPLETE
31,67.75504302978516,2025-06-16 13:29:40.795653,2025-06-16 13:30:58.489376,0 days 00:01:17.693723,0.0024304817157863646,512,256,4,0.00027701773682899957,4,COMPLETE
32,64.4361801147461,2025-06-16 13:30:58.509524,2025-06-16 13:31:50.122423,0 days 00:00:51.612899,0.00014620040734216155,512,256,2,0.0006984437981188397,3,COMPLETE
33,64.13445281982422,2025-06-16 13:31:50.142835,2025-06-16 13:32:41.653382,0 days 00:00:51.510547,0.0003915660461691365,512,256,2,0.0008503540702033624,3,COMPLETE
34,63.94340133666992,2025-06-16 13:32:41.674393,2025-06-16 13:33:33.191293,0 days 00:00:51.516900,0.00015529978999557508,512,256,2,0.000618758311903423,3,COMPLETE
35,67.58724975585938,2025-06-16 13:33:33.211112,2025-06-16 13:34:25.078955,0 days 00:00:51.867843,0.0007876998231716181,512,256,2,0.00045324140578399837,12,COMPLETE
36,65.06224060058594,2025-06-16 13:34:25.099869,2025-06-16 13:35:38.796135,0 days 00:01:13.696266,0.04199626694285296,512,256,3,0.0003609096194309499,6,COMPLETE
37,64.9173355102539,2025-06-16 13:35:38.816050,2025-06-16 13:36:57.662040,0 days 00:01:18.845990,0.0004337705649942814,512,512,2,0.00016700040086040522,7,COMPLETE
38,63.77296829223633,2025-06-16 13:36:57.682714,2025-06-16 13:37:49.072034,0 days 00:00:51.389320,0.00013074063310835408,512,256,2,0.0007953466250554234,3,COMPLETE
39,66.2756576538086,2025-06-16 13:37:49.092227,2025-06-16 13:38:47.529283,0 days 00:00:58.437056,0.0001890494624753206,512,256,2,0.0004803270629979548,2,COMPLETE
40,68.39302825927734,2025-06-16 13:38:47.550568,2025-06-16 13:41:10.315765,0 days 00:02:22.765197,0.0006017810831944214,512,512,4,0.00027267962091832794,3,COMPLETE
41,65.32714080810547,2025-06-16 13:41:10.336462,2025-06-16 13:42:12.099080,0 days 00:01:01.762618,0.000271875761044667,256,256,3,0.00020823096612379788,12,COMPLETE
42,63.54713821411133,2025-06-16 13:42:12.119394,2025-06-16 13:43:15.023486,0 days 00:01:02.904092,0.0004415723560861661,256,256,2,0.00031013615861281876,3,COMPLETE
43,63.54475402832031,2025-06-16 13:43:15.043998,2025-06-16 13:44:18.156981,0 days 00:01:03.112983,0.0004767271476680873,256,256,2,0.00031482427778310826,3,COMPLETE
44,66.14801025390625,2025-06-16 13:44:18.177789,2025-06-16 13:45:14.402285,0 days 00:00:56.224496,0.0006106137623242295,256,256,2,0.00040726903133373057,5,COMPLETE
45,64.0664291381836,2025-06-16 13:45:14.422703,2025-06-16 13:46:17.814179,0 days 00:01:03.391476,0.006061301942359304,256,256,2,0.00032411073581814606,3,COMPLETE
46,64.88188934326172,2025-06-16 13:46:17.834261,2025-06-16 13:47:07.689231,0 days 00:00:49.854970,0.0009902296858271085,256,256,2,0.0005870857414070408,11,COMPLETE
47,65.33048248291016,2025-06-16 13:47:07.709462,2025-06-16 13:47:57.636022,0 days 00:00:49.926560,0.00010050287891886752,256,256,2,0.0004888140157175725,3,COMPLETE
48,64.25830841064453,2025-06-16 13:47:57.656313,2025-06-16 13:48:48.896035,0 days 00:00:51.239722,0.0001946509349559426,512,256,2,0.000686732788332257,3,COMPLETE
49,65.45808410644531,2025-06-16 13:48:48.916709,2025-06-16 13:49:45.116327,0 days 00:00:56.199618,0.00030840173668934725,256,256,2,0.0001722362671964966,8,COMPLETE
50,66.71886444091797,2025-06-16 13:49:45.136502,2025-06-16 13:50:43.598671,0 days 00:00:58.462169,0.014836135394091881,512,256,2,0.0003772244011189741,2,COMPLETE
51,73.76847076416016,2025-06-16 13:50:43.618568,2025-06-16 13:53:06.665830,0 days 00:02:23.047262,0.0004895676177622613,512,512,4,0.0008863439109475263,3,COMPLETE
52,63.53538513183594,2025-06-16 13:53:06.685728,2025-06-16 13:54:10.531447,0 days 00:01:03.845719,0.00040606503519252874,256,256,2,0.00030422581244579514,3,COMPLETE
53,63.56113815307617,2025-06-16 13:54:10.550874,2025-06-16 13:55:13.826072,0 days 00:01:03.275198,0.00024303279390366784,256,256,2,0.0003021834013488356,3,COMPLETE
54,63.76051330566406,2025-06-16 13:55:13.845483,2025-06-16 13:56:16.421857,0 days 00:01:02.576374,0.0013182644840018522,256,256,2,0.0002562722407536855,3,COMPLETE
55,69.52717590332031,2025-06-16 13:56:16.441860,2025-06-16 13:57:12.789079,0 days 00:00:56.347219,0.000694908573873681,256,256,2,0.000527683675436607,4,COMPLETE
56,63.110355377197266,2025-06-16 13:57:12.808676,2025-06-16 13:58:15.840695,0 days 00:01:03.032019,0.00040488557333211124,256,256,2,0.00021259292763386263,9,COMPLETE
57,63.50780487060547,2025-06-16 13:58:15.862504,2025-06-16 13:59:19.050218,0 days 00:01:03.187714,0.0003743721322986252,256,256,2,0.0001362471218492987,9,COMPLETE
58,64.27156829833984,2025-06-16 13:59:19.091862,2025-06-16 14:00:59.859080,0 days 00:01:40.767218,0.00013130793690131436,512,256,3,8.256277496798394e-05,9,COMPLETE
59,63.9473762512207,2025-06-16 14:00:59.878784,2025-06-16 14:02:03.155064,0 days 00:01:03.276280,0.0019256070864727161,256,256,2,0.00012806032879092986,9,COMPLETE
60,65.26765441894531,2025-06-16 14:02:03.174306,2025-06-16 14:02:54.900206,0 days 00:00:51.725900,0.00020319902874242984,512,256,2,9.92056490424573e-05,9,COMPLETE
61,65.30469512939453,2025-06-16 14:02:54.919905,2025-06-16 14:03:46.437587,0 days 00:00:51.517682,0.0003259136599376697,512,256,2,0.00020140440685510502,9,COMPLETE
62,66.07311248779297,2025-06-16 14:03:46.457173,2025-06-16 14:04:36.246631,0 days 00:00:49.789458,0.0003847425764622561,256,256,2,0.00014114721131844662,10,COMPLETE
63,63.40767288208008,2025-06-16 14:04:36.266987,2025-06-16 14:05:39.742496,0 days 00:01:03.475509,0.00028706320849457696,256,256,2,0.00014723885505143897,9,COMPLETE
64,63.373695373535156,2025-06-16 14:05:39.762524,2025-06-16 14:06:43.254362,0 days 00:01:03.491838,0.00017734550311288404,256,256,2,0.00014948425650542957,9,COMPLETE
65,63.27132797241211,2025-06-16 14:06:43.274042,2025-06-16 14:07:46.477157,0 days 00:01:03.203115,0.0002647885724763244,256,256,2,0.000160272028738259,9,COMPLETE
66,64.42982482910156,2025-06-16 14:07:46.497268,2025-06-16 14:08:42.735784,0 days 00:00:56.238516,0.0001208993873425259,256,256,2,0.00015629269686085387,1,COMPLETE
67,67.15926361083984,2025-06-16 14:08:42.755629,2025-06-16 14:09:59.252954,0 days 00:01:16.497325,0.00015910277108824555,512,512,4,0.00018516624139493725,9,COMPLETE
68,65.30706787109375,2025-06-16 14:09:59.272143,2025-06-16 14:10:48.764872,0 days 00:00:49.492729,0.00017782721175459268,256,256,2,0.00022421244398660668,7,COMPLETE
69,65.17467498779297,2025-06-16 14:10:48.785091,2025-06-16 14:11:54.311703,0 days 00:01:05.526612,0.00023671051552866273,512,256,2,9.994374185799603e-05,5,COMPLETE
70,64.01085662841797,2025-06-16 14:11:54.331790,2025-06-16 14:13:35.731167,0 days 00:01:41.399377,0.0002662645394046351,512,256,3,0.0001887717553059858,9,COMPLETE
71,64.71026611328125,2025-06-16 14:13:35.750714,2025-06-16 14:14:41.097966,0 days 00:01:05.347252,0.00011322419567358347,512,256,2,0.00012328655157688506,6,COMPLETE
72,63.306129455566406,2025-06-16 14:14:41.118188,2025-06-16 14:15:43.919633,0 days 00:01:02.801445,0.0002944766336549077,256,256,2,0.00015973581861720922,9,COMPLETE
73,62.99871063232422,2025-06-16 14:15:43.939551,2025-06-16 14:16:47.137114,0 days 00:01:03.197563,0.00022745038290492012,256,256,2,0.00021955457129081967,9,COMPLETE
74,63.378562927246094,2025-06-16 14:16:47.157437,2025-06-16 14:17:50.330823,0 days 00:01:03.173386,0.0005206104326268018,256,256,2,0.00015660468093657912,9,COMPLETE
75,63.04680252075195,2025-06-16 14:17:50.351337,2025-06-16 14:18:53.704036,0 days 00:01:03.352699,0.00023869070922138112,256,256,2,0.00021340084328360837,9,COMPLETE
76,63.00533676147461,2025-06-16 14:18:53.724246,2025-06-16 14:19:57.120880,0 days 00:01:03.396634,0.00022010184900653326,256,256,2,0.00021887868407581397,9,COMPLETE
77,62.9923210144043,2025-06-16 14:19:57.141074,2025-06-16 14:21:00.009569,0 days 00:01:02.868495,0.00021486301829746056,256,256,2,0.00023662686079240272,9,COMPLETE
78,63.04613494873047,2025-06-16 14:21:00.029867,2025-06-16 14:22:03.515593,0 days 00:01:03.485726,0.0002071271233274952,256,256,2,0.00021141652844046586,9,COMPLETE
79,66.74382019042969,2025-06-16 14:22:03.536063,2025-06-16 14:23:18.675635,0 days 00:01:15.139572,0.00021770724364230363,256,512,2,0.00022013025688563984,9,COMPLETE
80,62.99887466430664,2025-06-16 14:23:18.695517,2025-06-16 14:24:22.223917,0 days 00:01:03.528400,0.00014812725894456575,256,256,2,0.00024646387220652753,9,COMPLETE
81,64.1467056274414,2025-06-16 14:24:22.243850,2025-06-16 14:25:35.839410,0 days 00:01:13.595560,0.00015067077938107798,256,256,4,0.0002461681686456359,9,COMPLETE
82,63.33039855957031,2025-06-16 14:25:35.859595,2025-06-16 14:26:38.740579,0 days 00:01:02.880984,0.00022445390820173547,256,256,2,0.00026966604998483106,9,COMPLETE
83,62.943851470947266,2025-06-16 14:26:38.760248,2025-06-16 14:27:42.100442,0 days 00:01:03.340194,0.0001643120476341813,256,256,2,0.00023242342486894145,9,COMPLETE
84,65.58478546142578,2025-06-16 14:27:42.120598,2025-06-16 14:28:31.941313,0 days 00:00:49.820715,0.00014043422313438252,256,256,2,0.00023107944045073939,12,COMPLETE
85,63.11991500854492,2025-06-16 14:28:31.962571,2025-06-16 14:29:34.821718,0 days 00:01:02.859147,0.0001829096468318359,256,256,2,0.00018240385991347868,9,COMPLETE
86,63.726219177246094,2025-06-16 14:29:34.842424,2025-06-16 14:30:17.870653,0 days 00:00:43.028229,0.0002113715666375485,256,256,2,0.0002812161726769883,11,COMPLETE
87,63.046993255615234,2025-06-16 14:30:17.891209,2025-06-16 14:31:21.028534,0 days 00:01:03.137325,0.00016685909102428508,256,256,2,0.00019893830886329926,9,COMPLETE
88,63.06124496459961,2025-06-16 14:31:21.049088,2025-06-16 14:32:24.714999,0 days 00:01:03.665911,0.0001643140661279513,256,256,2,0.00019797098537313433,9,COMPLETE
89,63.04173278808594,2025-06-16 14:32:24.734868,2025-06-16 14:33:27.798627,0 days 00:01:03.063759,0.00011093825165534221,256,256,2,0.0001987180095755077,9,COMPLETE
90,65.93708038330078,2025-06-16 14:33:27.819359,2025-06-16 14:34:38.522327,0 days 00:01:10.702968,0.000117770674260448,256,256,3,0.0002461386832376171,9,COMPLETE
91,63.174800872802734,2025-06-16 14:34:38.542103,2025-06-16 14:35:41.445993,0 days 00:01:02.903890,0.0001339118306526799,256,256,2,0.00025909914298781483,9,COMPLETE
92,63.06549072265625,2025-06-16 14:35:41.466114,2025-06-16 14:36:44.547242,0 days 00:01:03.081128,0.00016526929824283804,256,256,2,0.00019303751321581112,9,COMPLETE
93,63.04840850830078,2025-06-16 14:36:44.567566,2025-06-16 14:37:47.829090,0 days 00:01:03.261524,0.00010223178355563855,256,256,2,0.00020028620059628742,9,COMPLETE
94,63.16244125366211,2025-06-16 14:37:47.848591,2025-06-16 14:38:51.314200,0 days 00:01:03.465609,0.00011146813124035356,256,256,2,0.0001763744221890557,9,COMPLETE
95,62.98936462402344,2025-06-16 14:38:51.334294,2025-06-16 14:39:54.302737,0 days 00:01:02.968443,0.00010541057263185729,256,256,2,0.0002100710945511555,9,COMPLETE
96,62.9513053894043,2025-06-16 14:39:54.322959,2025-06-16 14:40:57.398766,0 days 00:01:03.075807,0.00013334525630508384,256,256,2,0.0002300283247873004,9,COMPLETE
97,65.69992065429688,2025-06-16 14:40:57.419160,2025-06-16 14:41:53.903709,0 days 00:00:56.484549,0.0001360978156279816,256,256,2,0.00022611647979476788,8,COMPLETE
98,64.3451156616211,2025-06-16 14:41:53.925070,2025-06-16 14:43:17.987931,0 days 00:01:24.062861,0.00019854067298233146,256,512,2,0.00021252365851028363,4,COMPLETE
99,63.54635238647461,2025-06-16 14:43:18.007853,2025-06-16 14:44:28.248306,0 days 00:01:10.240453,0.00012217982898276154,256,256,2,0.00023694970924173262,2,COMPLETE
100,67.01148986816406,2025-06-16 14:44:28.268569,2025-06-16 14:45:18.231277,0 days 00:00:49.962708,0.00013954631827409612,256,256,2,0.00033691916135831487,10,COMPLETE
101,63.800682067871094,2025-06-16 14:45:18.251561,2025-06-16 14:46:21.652838,0 days 00:01:03.401277,0.0001022753676901311,256,256,2,0.0002886680921042075,9,COMPLETE
